running develop
running egg_info
creating bci_control.egg-info
writing bci_control.egg-info/PKG-INFO
writing dependency_links to bci_control.egg-info/dependency_links.txt
writing entry points to bci_control.egg-info/entry_points.txt
writing requirements to bci_control.egg-info/requires.txt
writing top-level names to bci_control.egg-info/top_level.txt
writing manifest file 'bci_control.egg-info/SOURCES.txt'
reading manifest file 'bci_control.egg-info/SOURCES.txt'
writing manifest file 'bci_control.egg-info/SOURCES.txt'
running build_ext
Creating /home/ros2/ros2_bci_ws/install/bci_control/lib/python3.10/site-packages/bci-control.egg-link (link to .)
Installing decoder script to /home/ros2/ros2_bci_ws/install/bci_control/lib/bci_control
Installing robot script to /home/ros2/ros2_bci_ws/install/bci_control/lib/bci_control

Installed /home/ros2/ros2_bci_ws/build/bci_control
running symlink_data
creating /home/ros2/ros2_bci_ws/install/bci_control/share/ament_index
creating /home/ros2/ros2_bci_ws/install/bci_control/share/ament_index/resource_index
creating /home/ros2/ros2_bci_ws/install/bci_control/share/ament_index/resource_index/packages
symbolically linking /home/ros2/ros2_bci_ws/build/bci_control/resource/bci_control -> /home/ros2/ros2_bci_ws/install/bci_control/share/ament_index/resource_index/packages
symbolically linking /home/ros2/ros2_bci_ws/build/bci_control/package.xml -> /home/ros2/ros2_bci_ws/install/bci_control/share/bci_control
